<?xml version="1.0" encoding="UTF-8" ?>
<testsuite failures="0" time="4.103" errors="1" skipped="0" tests="1" name="org.apache.catalina.tribes.test.channel.TestRemoteProcessException">
  <properties>
[...]
</properties>
  <testcase time="4.103" classname="org.apache.catalina.tribes.test.channel.TestRemoteProcessException" name="testDataSendSYNCACK">
    <error message="Send failed, attempt:2 max:1; Faulty members:tcp://{192, 168, 2, 1}:4001; " type="org.apache.catalina.tribes.ChannelException">org.apache.catalina.tribes.ChannelException: Send failed, attempt:2 max:1; Faulty members:tcp://{192, 168, 2, 1}:4001; 
	at org.apache.catalina.tribes.transport.nio.ParallelNioSender.doLoop(ParallelNioSender.java:187)
	at org.apache.catalina.tribes.transport.nio.ParallelNioSender.sendMessage(ParallelNioSender.java:89)
	at org.apache.catalina.tribes.transport.nio.PooledParallelSender.sendMessage(PooledParallelSender.java:54)
	at org.apache.catalina.tribes.transport.ReplicationTransmitter.sendMessage(ReplicationTransmitter.java:78)
	at org.apache.catalina.tribes.group.ChannelCoordinator.sendMessage(ChannelCoordinator.java:77)
	at org.apache.catalina.tribes.group.ChannelInterceptorBase.sendMessage(ChannelInterceptorBase.java:77)
	at org.apache.catalina.tribes.group.ChannelInterceptorBase.sendMessage(ChannelInterceptorBase.java:77)
	at org.apache.catalina.tribes.group.GroupChannel.send(GroupChannel.java:224)
	at org.apache.catalina.tribes.group.GroupChannel.send(GroupChannel.java:182)
	at org.apache.catalina.tribes.test.channel.TestRemoteProcessException.testDataSendSYNCACK(TestRemoteProcessException.java:76)
	at sun.reflect.NativeMethodAccessorImpl.invoke0(Native Method)
	at sun.reflect.NativeMethodAccessorImpl.invoke(NativeMethodAccessorImpl.java:39)
	at sun.reflect.DelegatingMethodAccessorImpl.invoke(DelegatingMethodAccessorImpl.java:25)
	at java.lang.reflect.Method.invoke(Method.java:597)
	at org.junit.internal.runners.TestMethod.invoke(TestMethod.java:59)
	at org.junit.internal.runners.MethodRoadie.runTestMethod(MethodRoadie.java:98)
	at org.junit.internal.runners.MethodRoadie$2.run(MethodRoadie.java:79)
	at org.junit.internal.runners.MethodRoadie.runBeforesThenTestThenAfters(MethodRoadie.java:87)
	at org.junit.internal.runners.MethodRoadie.runTest(MethodRoadie.java:77)
	at org.junit.internal.runners.MethodRoadie.run(MethodRoadie.java:42)
	at org.junit.internal.runners.JUnit4ClassRunner.invokeTestMethod(JUnit4ClassRunner.java:88)
	at org.junit.internal.runners.JUnit4ClassRunner.runMethods(JUnit4ClassRunner.java:51)
	at org.junit.internal.runners.JUnit4ClassRunner$1.run(JUnit4ClassRunner.java:44)
	at org.junit.internal.runners.ClassRoadie.runUnprotected(ClassRoadie.java:27)
	at org.junit.internal.runners.ClassRoadie.runProtected(ClassRoadie.java:37)
	at org.junit.internal.runners.JUnit4ClassRunner.run(JUnit4ClassRunner.java:42)
	at org.apache.maven.surefire.junit4.JUnit4Provider.execute(JUnit4Provider.java:252)
	at org.apache.maven.surefire.junit4.JUnit4Provider.executeTestSet(JUnit4Provider.java:141)
	at org.apache.maven.surefire.junit4.JUnit4Provider.invoke(JUnit4Provider.java:112)
	at sun.reflect.NativeMethodAccessorImpl.invoke0(Native Method)
	at sun.reflect.NativeMethodAccessorImpl.invoke(NativeMethodAccessorImpl.java:39)
	at sun.reflect.DelegatingMethodAccessorImpl.invoke(DelegatingMethodAccessorImpl.java:25)
	at java.lang.reflect.Method.invoke(Method.java:597)
	at org.apache.maven.surefire.util.ReflectionUtils.invokeMethodWithArray(ReflectionUtils.java:189)
	at org.apache.maven.surefire.booter.ProviderFactory$ProviderProxy.invoke(ProviderFactory.java:165)
	at org.apache.maven.surefire.booter.ProviderFactory.invokeProvider(ProviderFactory.java:85)
	at org.apache.maven.surefire.booter.ForkedBooter.runSuitesInProcess(ForkedBooter.java:115)
	at org.apache.maven.surefire.booter.ForkedBooter.main(ForkedBooter.java:75)
Caused by: org.apache.catalina.tribes.RemoteProcessException: Received a failed ack:org.apache.catalina.tribes.transport.Constants.FAIL_ACK_DATA
	at org.apache.catalina.tribes.transport.nio.NioSender.read(NioSender.java:181)
	at org.apache.catalina.tribes.transport.nio.NioSender.process(NioSender.java:119)
	at org.apache.catalina.tribes.transport.nio.ParallelNioSender.doLoop(ParallelNioSender.java:142)
	... 37 more
</error>
    <system-err>2014-11-23 11:47:27 org.apache.catalina.tribes.transport.ReceiverBase bind
��Ϣ: Receiver Server Socket bound to:/192.168.2.1:4000
2014-11-23 11:47:27 org.apache.catalina.tribes.membership.McastServiceImpl setupSocket
��Ϣ: Setting cluster mcast soTimeout to 500
2014-11-23 11:47:27 org.apache.catalina.tribes.membership.McastServiceImpl waitForMembers
��Ϣ: Sleeping for 1000 milliseconds to establish cluster membership, start level:4
2014-11-23 11:47:28 org.apache.catalina.tribes.membership.McastServiceImpl waitForMembers
��Ϣ: Done sleeping, membership established, start level:4
2014-11-23 11:47:28 org.apache.catalina.tribes.membership.McastServiceImpl waitForMembers
��Ϣ: Sleeping for 1000 milliseconds to establish cluster membership, start level:8
2014-11-23 11:47:29 org.apache.catalina.tribes.membership.McastServiceImpl waitForMembers
��Ϣ: Done sleeping, membership established, start level:8
2014-11-23 11:47:29 org.apache.catalina.tribes.transport.ReceiverBase bind
��Ϣ: Receiver Server Socket bound to:/192.168.2.1:4001
2014-11-23 11:47:29 org.apache.catalina.tribes.membership.McastServiceImpl setupSocket
��Ϣ: Setting cluster mcast soTimeout to 500
2014-11-23 11:47:29 org.apache.catalina.tribes.membership.McastServiceImpl waitForMembers
��Ϣ: Sleeping for 1000 milliseconds to establish cluster membership, start level:4
2014-11-23 11:47:30 org.apache.catalina.tribes.membership.McastServiceImpl waitForMembers
��Ϣ: Done sleeping, membership established, start level:4
2014-11-23 11:47:30 org.apache.catalina.tribes.membership.McastServiceImpl waitForMembers
��Ϣ: Sleeping for 1000 milliseconds to establish cluster membership, start level:8
2014-11-23 11:47:31 org.apache.catalina.tribes.membership.McastServiceImpl waitForMembers
��Ϣ: Done sleeping, membership established, start level:8
Starting SYNC_ACK
2014-11-23 11:47:31 org.apache.catalina.tribes.group.GroupChannel messageReceived
����: Error receiving message:
java.lang.IllegalArgumentException
	at org.apache.catalina.tribes.test.channel.TestRemoteProcessException$Listener.messageReceived(TestRemoteProcessException.java:106)
	at org.apache.catalina.tribes.group.GroupChannel.messageReceived(GroupChannel.java:278)
	at org.apache.catalina.tribes.group.ChannelInterceptorBase.messageReceived(ChannelInterceptorBase.java:82)
	at org.apache.catalina.tribes.group.interceptors.DomainFilterInterceptor.messageReceived(DomainFilterInterceptor.java:47)
	at org.apache.catalina.tribes.group.ChannelInterceptorBase.messageReceived(ChannelInterceptorBase.java:82)
	at org.apache.catalina.tribes.group.ChannelCoordinator.messageReceived(ChannelCoordinator.java:252)
	at org.apache.catalina.tribes.transport.ReceiverBase.messageDataReceived(ReceiverBase.java:287)
	at org.apache.catalina.tribes.transport.nio.NioReplicationTask.drainChannel(NioReplicationTask.java:210)
	at org.apache.catalina.tribes.transport.nio.NioReplicationTask.run(NioReplicationTask.java:99)
	at java.util.concurrent.ThreadPoolExecutor$Worker.runTask(ThreadPoolExecutor.java:886)
	at java.util.concurrent.ThreadPoolExecutor$Worker.run(ThreadPoolExecutor.java:908)
	at java.lang.Thread.run(Thread.java:662)
2014-11-23 11:47:31 org.apache.catalina.tribes.transport.nio.ParallelNioSender doLoop
����: Member send is failing for:tcp://{192, 168, 2, 1}:4001 ; Setting to suspect and retrying.
2014-11-23 11:47:31 org.apache.catalina.tribes.group.GroupChannel messageReceived
����: Error receiving message:
java.lang.IllegalArgumentException
	at org.apache.catalina.tribes.test.channel.TestRemoteProcessException$Listener.messageReceived(TestRemoteProcessException.java:106)
	at org.apache.catalina.tribes.group.GroupChannel.messageReceived(GroupChannel.java:278)
	at org.apache.catalina.tribes.group.ChannelInterceptorBase.messageReceived(ChannelInterceptorBase.java:82)
	at org.apache.catalina.tribes.group.interceptors.DomainFilterInterceptor.messageReceived(DomainFilterInterceptor.java:47)
	at org.apache.catalina.tribes.group.ChannelInterceptorBase.messageReceived(ChannelInterceptorBase.java:82)
	at org.apache.catalina.tribes.group.ChannelCoordinator.messageReceived(ChannelCoordinator.java:252)
	at org.apache.catalina.tribes.transport.ReceiverBase.messageDataReceived(ReceiverBase.java:287)
	at org.apache.catalina.tribes.transport.nio.NioReplicationTask.drainChannel(NioReplicationTask.java:210)
	at org.apache.catalina.tribes.transport.nio.NioReplicationTask.run(NioReplicationTask.java:99)
	at java.util.concurrent.ThreadPoolExecutor$Worker.runTask(ThreadPoolExecutor.java:886)
	at java.util.concurrent.ThreadPoolExecutor$Worker.run(ThreadPoolExecutor.java:908)
	at java.lang.Thread.run(Thread.java:662)
2014-11-23 11:47:31 org.apache.catalina.tribes.group.GroupChannel messageReceived
����: Error receiving message:
java.lang.IllegalArgumentException
	at org.apache.catalina.tribes.test.channel.TestRemoteProcessException$Listener.messageReceived(TestRemoteProcessException.java:106)
	at org.apache.catalina.tribes.group.GroupChannel.messageReceived(GroupChannel.java:278)
	at org.apache.catalina.tribes.group.ChannelInterceptorBase.messageReceived(ChannelInterceptorBase.java:82)
	at org.apache.catalina.tribes.group.interceptors.DomainFilterInterceptor.messageReceived(DomainFilterInterceptor.java:47)
	at org.apache.catalina.tribes.group.ChannelInterceptorBase.messageReceived(ChannelInterceptorBase.java:82)
	at org.apache.catalina.tribes.group.ChannelCoordinator.messageReceived(ChannelCoordinator.java:252)
	at org.apache.catalina.tribes.transport.ReceiverBase.messageDataReceived(ReceiverBase.java:287)
	at org.apache.catalina.tribes.transport.nio.NioReplicationTask.drainChannel(NioReplicationTask.java:210)
	at org.apache.catalina.tribes.transport.nio.NioReplicationTask.run(NioReplicationTask.java:99)
	at java.util.concurrent.ThreadPoolExecutor$Worker.runTask(ThreadPoolExecutor.java:886)
	at java.util.concurrent.ThreadPoolExecutor$Worker.run(ThreadPoolExecutor.java:908)
	at java.lang.Thread.run(Thread.java:662)
</system-err>
  </testcase>
</testsuite>