<?xml version="1.0" encoding="UTF-8" ?>
<testsuite failures="0" time="0.13" errors="0" skipped="0" tests="72" name="org.apache.catalina.filters.TestCorsFilter">
  <properties>
[...]
</properties>
  <testcase time="0" classname="org.apache.catalina.filters.TestCorsFilter" name="testJoin"/>
  <testcase time="0.003" classname="org.apache.catalina.filters.TestCorsFilter" name="testDoFilterSimpleGET"/>
  <testcase time="0.003" classname="org.apache.catalina.filters.TestCorsFilter" name="testDoFilterSimplePOST"/>
  <testcase time="0.002" classname="org.apache.catalina.filters.TestCorsFilter" name="testDoFilterSimpleHEAD"/>
  <testcase time="0.002" classname="org.apache.catalina.filters.TestCorsFilter" name="testDoFilterSimpleSpecificHeader"/>
  <testcase time="0.001" classname="org.apache.catalina.filters.TestCorsFilter" name="testDoFilterSimpleAnyOriginAndSupportsCredentials"/>
  <testcase time="0.001" classname="org.apache.catalina.filters.TestCorsFilter" name="testDoFilterSimpleAnyOriginAndSupportsCredentialsDisabled"/>
  <testcase time="0.002" classname="org.apache.catalina.filters.TestCorsFilter" name="testDoFilterSimpleWithExposedHeaders"/>
  <testcase time="0.002" classname="org.apache.catalina.filters.TestCorsFilter" name="testDoFilterPreflight"/>
  <testcase time="0.002" classname="org.apache.catalina.filters.TestCorsFilter" name="testDoFilterPreflightAnyOrigin"/>
  <testcase time="0.002" classname="org.apache.catalina.filters.TestCorsFilter" name="testDoFilterPreflightInvalidOrigin"/>
  <testcase time="0.001" classname="org.apache.catalina.filters.TestCorsFilter" name="testDoFilterPreflightNegativeMaxAge"/>
  <testcase time="0.002" classname="org.apache.catalina.filters.TestCorsFilter" name="testDoFilterPreflightWithCredentials"/>
  <testcase time="0.002" classname="org.apache.catalina.filters.TestCorsFilter" name="testDoFilterPreflightWithoutCredentialsAndSpecificOrigin"/>
  <testcase time="0.002" classname="org.apache.catalina.filters.TestCorsFilter" name="testDoFilterNullOrigin"/>
  <testcase time="0.002" classname="org.apache.catalina.filters.TestCorsFilter" name="testDoFilterInvalidCORSOriginNotAllowed"/>
  <testcase time="0.002" classname="org.apache.catalina.filters.TestCorsFilter" name="testDoFilterNullRequestNullResponse"/>
  <testcase time="0.002" classname="org.apache.catalina.filters.TestCorsFilter" name="testDoFilterNullRequestResponse"/>
  <testcase time="0.001" classname="org.apache.catalina.filters.TestCorsFilter" name="testDoFilterRequestNullResponse"/>
  <testcase time="0.001" classname="org.apache.catalina.filters.TestCorsFilter" name="testInitDefaultFilterConfig"/>
  <testcase time="0.002" classname="org.apache.catalina.filters.TestCorsFilter" name="testInitInvalidFilterConfig"/>
  <testcase time="0.002" classname="org.apache.catalina.filters.TestCorsFilter" name="testNotSimple"/>
  <testcase time="0.002" classname="org.apache.catalina.filters.TestCorsFilter" name="testNotPreflight"/>
  <testcase time="0.002" classname="org.apache.catalina.filters.TestCorsFilter" name="testDecorateCORSPropertiesNullRequestNullCORSRequestType"/>
  <testcase time="0.001" classname="org.apache.catalina.filters.TestCorsFilter" name="testDecorateCORSPropertiesNullRequestValidCORSRequestType"/>
  <testcase time="0.001" classname="org.apache.catalina.filters.TestCorsFilter" name="testDecorateCORSPropertiesValidRequestNullRequestType"/>
  <testcase time="0.003" classname="org.apache.catalina.filters.TestCorsFilter" name="testDecorateCORSPropertiesCORSRequestTypeNotCORS"/>
  <testcase time="0.002" classname="org.apache.catalina.filters.TestCorsFilter" name="testDecorateCORSPropertiesCORSRequestTypeInvalidCORS"/>
  <testcase time="0.002" classname="org.apache.catalina.filters.TestCorsFilter" name="testCheckSimpleRequestTypeAnyOrigin"/>
  <testcase time="0.002" classname="org.apache.catalina.filters.TestCorsFilter" name="testCheckSimpleRequestType"/>
  <testcase time="0.001" classname="org.apache.catalina.filters.TestCorsFilter" name="testCheckActualRequestType"/>
  <testcase time="0.002" classname="org.apache.catalina.filters.TestCorsFilter" name="testCheckActualRequestTypeMethodPOSTNotSimpleHeaders"/>
  <testcase time="0.002" classname="org.apache.catalina.filters.TestCorsFilter" name="testCheckPreFlightRequestType"/>
  <testcase time="0.007" classname="org.apache.catalina.filters.TestCorsFilter" name="testCheckPreFlightRequestTypeNoACRM"/>
  <testcase time="0" classname="org.apache.catalina.filters.TestCorsFilter" name="testCheckPreFlightRequestTypeEmptyACRM"/>
  <testcase time="0" classname="org.apache.catalina.filters.TestCorsFilter" name="testCheckPreFlightRequestTypeNoHeaders"/>
  <testcase time="0.001" classname="org.apache.catalina.filters.TestCorsFilter" name="testCheckPreFlightRequestTypeInvalidRequestMethod"/>
  <testcase time="0.007" classname="org.apache.catalina.filters.TestCorsFilter" name="testCheckPreFlightRequestTypeUnsupportedRequestMethod"/>
  <testcase time="0" classname="org.apache.catalina.filters.TestCorsFilter" name="testCheckPreFlightRequestTypeUnsupportedRequestHeaders"/>
  <testcase time="0" classname="org.apache.catalina.filters.TestCorsFilter" name="testCheckPreFlightRequestTypeAnyOriginNoWithCredentials"/>
  <testcase time="0" classname="org.apache.catalina.filters.TestCorsFilter" name="testCheckPreFlightRequestTypeOriginNotAllowed"/>
  <testcase time="0" classname="org.apache.catalina.filters.TestCorsFilter" name="testCheckPreFlightRequestTypeEmptyHeaders"/>
  <testcase time="0.003" classname="org.apache.catalina.filters.TestCorsFilter" name="testCheckNotCORSRequestTypeEmptyOrigin"/>
  <testcase time="0.001" classname="org.apache.catalina.filters.TestCorsFilter" name="testCheckInvalidOrigin"/>
  <testcase time="0.002" classname="org.apache.catalina.filters.TestCorsFilter" name="testCheckInvalidOriginNotAllowedSubdomain"/>
  <testcase time="0.002" classname="org.apache.catalina.filters.TestCorsFilter" name="testCheckInvalidRequestMethod"/>
  <testcase time="0.002" classname="org.apache.catalina.filters.TestCorsFilter" name="testCheckNullRequestMethod"/>
  <testcase time="0.002" classname="org.apache.catalina.filters.TestCorsFilter" name="testCheckForSchemeVariance"/>
  <testcase time="0.002" classname="org.apache.catalina.filters.TestCorsFilter" name="testCheckForPortVariance"/>
  <testcase time="0.001" classname="org.apache.catalina.filters.TestCorsFilter" name="testCheckRequestTypeNull"/>
  <testcase time="0.003" classname="org.apache.catalina.filters.TestCorsFilter" name="testJoinSingleElement"/>
  <testcase time="0.001" classname="org.apache.catalina.filters.TestCorsFilter" name="testJoinSepNull"/>
  <testcase time="0.002" classname="org.apache.catalina.filters.TestCorsFilter" name="testJoinElementsNull"/>
  <testcase time="0.002" classname="org.apache.catalina.filters.TestCorsFilter" name="testJoinOneNullElement"/>
  <testcase time="0.002" classname="org.apache.catalina.filters.TestCorsFilter" name="testJoinAllNullElements"/>
  <testcase time="0.002" classname="org.apache.catalina.filters.TestCorsFilter" name="testJoinAllEmptyElements"/>
  <testcase time="0.002" classname="org.apache.catalina.filters.TestCorsFilter" name="testJoinPipeSeparator"/>
  <testcase time="0.001" classname="org.apache.catalina.filters.TestCorsFilter" name="testWithFilterConfig"/>
  <testcase time="0.002" classname="org.apache.catalina.filters.TestCorsFilter" name="testWithFilterConfigInvalidPreflightAge"/>
  <testcase time="0.002" classname="org.apache.catalina.filters.TestCorsFilter" name="testWithStringParserEmpty"/>
  <testcase time="0.002" classname="org.apache.catalina.filters.TestCorsFilter" name="testWithStringParserNull"/>
  <testcase time="0.002" classname="org.apache.catalina.filters.TestCorsFilter" name="testValidOrigin"/>
  <testcase time="0.001" classname="org.apache.catalina.filters.TestCorsFilter" name="testInValidOriginCRLF"/>
  <testcase time="0.001" classname="org.apache.catalina.filters.TestCorsFilter" name="testInValidOriginEncodedCRLF1"/>
  <testcase time="0.002" classname="org.apache.catalina.filters.TestCorsFilter" name="testInValidOriginEncodedCRLF2"/>
  <testcase time="0.002" classname="org.apache.catalina.filters.TestCorsFilter" name="testInValidOriginEncodedCRLF3"/>
  <testcase time="0.002" classname="org.apache.catalina.filters.TestCorsFilter" name="testCheckInvalidCRLF1"/>
  <testcase time="0.002" classname="org.apache.catalina.filters.TestCorsFilter" name="testCheckInvalidCRLF2"/>
  <testcase time="0.002" classname="org.apache.catalina.filters.TestCorsFilter" name="testCheckInvalidCRLF3"/>
  <testcase time="0.002" classname="org.apache.catalina.filters.TestCorsFilter" name="testCheckInvalidCRLF4"/>
  <testcase time="0.002" classname="org.apache.catalina.filters.TestCorsFilter" name="testDecorateRequestDisabled"/>
  <testcase time="0.002" classname="org.apache.catalina.filters.TestCorsFilter" name="testDestroy"/>
</testsuite>