<?xml version="1.0" encoding="UTF-8" ?>
<testsuite failures="1" time="55.976" errors="0" skipped="0" tests="5" name="org.apache.catalina.tribes.test.channel.TestDataIntegrity">
  <properties>
[...]
</properties>
  <testcase time="27.556" classname="org.apache.catalina.tribes.test.channel.TestDataIntegrity" name="testDataSendNO_ACK">
    <failure message="Checking success messages. expected:&lt;10000&gt; but was:&lt;9999&gt;" type="java.lang.AssertionError">java.lang.AssertionError: Checking success messages. expected:&lt;10000&gt; but was:&lt;9999&gt;
	at org.junit.Assert.fail(Assert.java:74)
	at org.junit.Assert.failNotEquals(Assert.java:448)
	at org.junit.Assert.assertEquals(Assert.java:102)
	at org.junit.Assert.assertEquals(Assert.java:323)
	at org.apache.catalina.tribes.test.channel.TestDataIntegrity.testDataSendNO_ACK(TestDataIntegrity.java:98)
	at sun.reflect.NativeMethodAccessorImpl.invoke0(Native Method)
	at sun.reflect.NativeMethodAccessorImpl.invoke(NativeMethodAccessorImpl.java:39)
	at sun.reflect.DelegatingMethodAccessorImpl.invoke(DelegatingMethodAccessorImpl.java:25)
	at java.lang.reflect.Method.invoke(Method.java:597)
	at org.junit.internal.runners.TestMethod.invoke(TestMethod.java:59)
	at org.junit.internal.runners.MethodRoadie.runTestMethod(MethodRoadie.java:98)
	at org.junit.internal.runners.MethodRoadie$2.run(MethodRoadie.java:79)
	at org.junit.internal.runners.MethodRoadie.runBeforesThenTestThenAfters(MethodRoadie.java:87)
	at org.junit.internal.runners.MethodRoadie.runTest(MethodRoadie.java:77)
	at org.junit.internal.runners.MethodRoadie.run(MethodRoadie.java:42)
	at org.junit.internal.runners.JUnit4ClassRunner.invokeTestMethod(JUnit4ClassRunner.java:88)
	at org.junit.internal.runners.JUnit4ClassRunner.runMethods(JUnit4ClassRunner.java:51)
	at org.junit.internal.runners.JUnit4ClassRunner$1.run(JUnit4ClassRunner.java:44)
	at org.junit.internal.runners.ClassRoadie.runUnprotected(ClassRoadie.java:27)
	at org.junit.internal.runners.ClassRoadie.runProtected(ClassRoadie.java:37)
	at org.junit.internal.runners.JUnit4ClassRunner.run(JUnit4ClassRunner.java:42)
	at org.apache.maven.surefire.junit4.JUnit4Provider.execute(JUnit4Provider.java:252)
	at org.apache.maven.surefire.junit4.JUnit4Provider.executeTestSet(JUnit4Provider.java:141)
	at org.apache.maven.surefire.junit4.JUnit4Provider.invoke(JUnit4Provider.java:112)
	at sun.reflect.NativeMethodAccessorImpl.invoke0(Native Method)
	at sun.reflect.NativeMethodAccessorImpl.invoke(NativeMethodAccessorImpl.java:39)
	at sun.reflect.DelegatingMethodAccessorImpl.invoke(DelegatingMethodAccessorImpl.java:25)
	at java.lang.reflect.Method.invoke(Method.java:597)
	at org.apache.maven.surefire.util.ReflectionUtils.invokeMethodWithArray(ReflectionUtils.java:189)
	at org.apache.maven.surefire.booter.ProviderFactory$ProviderProxy.invoke(ProviderFactory.java:165)
	at org.apache.maven.surefire.booter.ProviderFactory.invokeProvider(ProviderFactory.java:85)
	at org.apache.maven.surefire.booter.ForkedBooter.runSuitesInProcess(ForkedBooter.java:115)
	at org.apache.maven.surefire.booter.ForkedBooter.main(ForkedBooter.java:75)
</failure>
    <system-out>Thread[Thread-234] sent 500 messages in 7153 ms.
Thread[Thread-246] sent 500 messages in 7213 ms.
Thread[Thread-233] sent 500 messages in 7842 ms.
Thread[Thread-235] sent 500 messages in 7854 ms.
Thread[Thread-236] sent 500 messages in 7923 ms.
Thread[Thread-247] sent 500 messages in 7979 ms.
Thread[Thread-231] sent 500 messages in 8102 ms.
Thread[Thread-229] sent 500 messages in 8154 ms.
Thread[Thread-243] sent 500 messages in 8131 ms.
Thread[Thread-248] sent 500 messages in 8152 ms.
Thread[Thread-244] sent 500 messages in 8158 ms.
Thread[Thread-232] sent 500 messages in 8207 ms.
Thread[Thread-241] sent 500 messages in 8245 ms.
Thread[Thread-237] sent 500 messages in 8264 ms.
Thread[Thread-238] sent 500 messages in 8307 ms.
Thread[Thread-242] sent 500 messages in 8376 ms.
Thread[Thread-240] sent 500 messages in 8412 ms.
Thread[Thread-245] sent 500 messages in 8423 ms.
Thread[Thread-230] sent 500 messages in 8485 ms.
Thread[Thread-239] sent 500 messages in 8522 ms.
</system-out>
    <system-err>2014-11-23 11:45:42 org.apache.catalina.tribes.transport.ReceiverBase bind
��Ϣ: Receiver Server Socket bound to:/192.168.2.1:4000
2014-11-23 11:45:42 org.apache.catalina.tribes.membership.McastServiceImpl setupSocket
��Ϣ: Setting cluster mcast soTimeout to 500
2014-11-23 11:45:42 org.apache.catalina.tribes.membership.McastServiceImpl waitForMembers
��Ϣ: Sleeping for 1000 milliseconds to establish cluster membership, start level:4
2014-11-23 11:45:43 org.apache.catalina.tribes.membership.McastServiceImpl waitForMembers
��Ϣ: Done sleeping, membership established, start level:4
2014-11-23 11:45:43 org.apache.catalina.tribes.membership.McastServiceImpl waitForMembers
��Ϣ: Sleeping for 1000 milliseconds to establish cluster membership, start level:8
2014-11-23 11:45:44 org.apache.catalina.tribes.membership.McastServiceImpl waitForMembers
��Ϣ: Done sleeping, membership established, start level:8
2014-11-23 11:45:44 org.apache.catalina.tribes.transport.ReceiverBase bind
��Ϣ: Receiver Server Socket bound to:/192.168.2.1:4001
2014-11-23 11:45:44 org.apache.catalina.tribes.membership.McastServiceImpl setupSocket
��Ϣ: Setting cluster mcast soTimeout to 500
2014-11-23 11:45:44 org.apache.catalina.tribes.membership.McastServiceImpl waitForMembers
��Ϣ: Sleeping for 1000 milliseconds to establish cluster membership, start level:4
2014-11-23 11:45:45 org.apache.catalina.tribes.membership.McastServiceImpl waitForMembers
��Ϣ: Done sleeping, membership established, start level:4
2014-11-23 11:45:45 org.apache.catalina.tribes.membership.McastServiceImpl waitForMembers
��Ϣ: Sleeping for 1000 milliseconds to establish cluster membership, start level:8
2014-11-23 11:45:46 org.apache.catalina.tribes.membership.McastServiceImpl waitForMembers
��Ϣ: Done sleeping, membership established, start level:8
Starting NO_ACK
SUCCESS:1001
SUCCESS:2000
SUCCESS:3000
SUCCESS:4000
SUCCESS:5000
SUCCESS:6000
SUCCESS:7000
SUCCESS:8000
SUCCESS:9000
Finished NO_ACK [9999]
</system-err>
  </testcase>
  <testcase time="13.319" classname="org.apache.catalina.tribes.test.channel.TestDataIntegrity" name="testDataSendASYNCM"/>
  <testcase time="4.911" classname="org.apache.catalina.tribes.test.channel.TestDataIntegrity" name="testDataSendASYNC"/>
  <testcase time="5.047" classname="org.apache.catalina.tribes.test.channel.TestDataIntegrity" name="testDataSendACK"/>
  <testcase time="5.143" classname="org.apache.catalina.tribes.test.channel.TestDataIntegrity" name="testDataSendSYNCACK"/>
</testsuite>